<?xml version="1.0" encoding="UTF-8"?>
<!-- Generated by org.testng.reporters.JUnitReportReporter -->
<testsuite hostname="IBM-8JL52F3" name="Project.RestAssuredProject.RAPr1" tests="1" failures="0" timestamp="4 Jul 2022 19:49:53 GMT" time="0.498" errors="0">
  <testcase name="tc8" time="0.498" classname="Project.RestAssuredProject.RAPr1"/>
</testsuite> <!-- Project.RestAssuredProject.RAPr1 -->
